[02:41:43] [ServerMain/INFO]: Environment: Environment[sessionHost=https://sessionserver.mojang.com, servicesHost=https://api.minecraftservices.com, name=PROD]
[02:41:44] [ServerMain/INFO]: No existing world data, creating new world
[02:41:45] [ServerMain/INFO]: Loaded 1370 recipes
[02:41:45] [ServerMain/INFO]: Loaded 1481 advancements
[02:41:45] [Server thread/INFO]: Starting minecraft server version 1.21.4
[02:41:45] [Server thread/INFO]: Loading properties
[02:41:45] [Server thread/INFO]: Default game type: SURVIVAL
[02:41:45] [Server thread/INFO]: Generating keypair
[02:41:45] [Server thread/INFO]: Starting Minecraft server on *:25565
[02:41:45] [Server thread/INFO]: Using epoll channel type
[02:41:45] [Server thread/WARN]: **** SERVER IS RUNNING IN OFFLINE/INSECURE MODE!
[02:41:45] [Server thread/WARN]: The server will make no attempt to authenticate usernames. Beware.
[02:41:45] [Server thread/WARN]: While this makes the game possible to play without internet access, it also opens up the ability for hackers to connect with any username they choose.
[02:41:45] [Server thread/WARN]: To change this, set "online-mode" to "true" in the server.properties file.
[02:41:45] [Server thread/INFO]: Preparing level "world"
[02:41:50] [Server thread/INFO]: Preparing start region for dimension minecraft:overworld
[02:41:50] [Worker-Main-1/INFO]: Preparing spawn area: 2%
[02:41:50] [Worker-Main-3/INFO]: Preparing spawn area: 2%
[02:41:51] [Worker-Main-1/INFO]: Preparing spawn area: 2%
[02:41:51] [Worker-Main-1/INFO]: Preparing spawn area: 18%
[02:41:52] [Worker-Main-1/INFO]: Preparing spawn area: 18%
[02:41:52] [Worker-Main-3/INFO]: Preparing spawn area: 18%
[02:41:53] [Worker-Main-1/INFO]: Preparing spawn area: 51%
[02:41:53] [Worker-Main-1/INFO]: Preparing spawn area: 51%
[02:41:54] [Server thread/INFO]: Time elapsed: 3877 ms
[02:41:54] [Server thread/INFO]: Done (8.541s)! For help, type "help"
[02:42:54] [Server thread/INFO]: Server empty for 60 seconds, pausing
[02:47:35] [Server thread/INFO]: Hamitsu[/192.168.193.66:55003] logged in with entity id 41 at (12.5, 71.0, -34.5)
[02:47:35] [Server thread/INFO]: Hamitsu joined the game
[02:48:49] [Server thread/INFO]: cualjose[/192.168.193.172:51200] logged in with entity id 650 at (26.5, 71.0, -27.5)
[02:48:49] [Server thread/INFO]: cualjose joined the game
[02:49:19] [Server thread/INFO]: Hamitsu has made the advancement [Stone Age]
[02:50:21] [Server thread/INFO]: Hamitsu has made the advancement [Getting an Upgrade]
[02:50:51] [Server thread/INFO]: cualjose has made the advancement [Stone Age]
[02:51:08] [Server thread/INFO]: cualjose has made the advancement [Getting an Upgrade]
[02:57:34] [Server thread/INFO]: cualjose has made the advancement [Sweet Dreams]
[02:57:45] [Server thread/INFO]: Hamitsu lost connection: Disconnected
[02:57:45] [Server thread/INFO]: Hamitsu left the game
[02:57:57] [Server thread/INFO]: Hamitsu[/192.168.193.66:55799] logged in with entity id 5332 at (-404.8829713285511, 85.0, -34.30000001192093)
[02:57:57] [Server thread/INFO]: Hamitsu joined the game
[02:58:51] [Server thread/INFO]: Hamitsu has made the advancement [Acquire Hardware]
[03:07:49] [Server thread/INFO]: cualjose lost connection: Disconnected
[03:07:49] [Server thread/INFO]: cualjose left the game
[03:07:56] [Server thread/INFO]: Hamitsu lost connection: Disconnected
[03:07:56] [Server thread/INFO]: Hamitsu left the game
